<?xml version="1.0" encoding="UTF-8"?>
<testng-results ignored="0" total="3" passed="3" failed="0" skipped="0">
  <reporter-output>
  </reporter-output>
  <suite started-at="2023-07-05T21:27:00 IST" name="Default suite" finished-at="2023-07-05T21:27:06 IST" duration-ms="5268">
    <groups>
      <group name="cucumber">
        <method signature="AbstractTestNGCucumberTests.runScenario(io.cucumber.testng.PickleWrapper,io.cucumber.testng.FeatureWrapper)[pri:0, instance:runner.CampaignRunner@66f57048]" name="runScenario" class="io.cucumber.testng.AbstractTestNGCucumberTests"/>
      </group> <!-- cucumber -->
    </groups>
    <test started-at="2023-07-05T21:27:00 IST" name="Default test" finished-at="2023-07-05T21:27:06 IST" duration-ms="5268">
      <class name="runner.CampaignRunner">
        <test-method is-config="true" signature="setUpClass(org.testng.ITestContext)[pri:0, instance:runner.CampaignRunner@66f57048]" started-at="2023-07-05T21:27:00 IST" name="setUpClass" finished-at="2023-07-05T21:27:02 IST" duration-ms="1523" status="PASS">
          <params>
            <param index="0">
              <value>
                <![CDATA[org.testng.TestRunner@47e4d9d0]]>
              </value>
            </param>
          </params>
          <reporter-output>
          </reporter-output>
        </test-method> <!-- setUpClass -->
        <test-method signature="runScenario(io.cucumber.testng.PickleWrapper,io.cucumber.testng.FeatureWrapper)[pri:0, instance:runner.CampaignRunner@66f57048]" started-at="2023-07-05T21:27:02 IST" name="runScenario" description="Runs Cucumber Scenarios" data-provider="scenarios" finished-at="2023-07-05T21:27:02 IST" duration-ms="352" status="PASS">
          <params>
            <param index="0">
              <value>
                <![CDATA["Create campaign"]]>
              </value>
            </param>
            <param index="1">
              <value>
                <![CDATA["Sending Campaigns"]]>
              </value>
            </param>
          </params>
          <reporter-output>
          </reporter-output>
        </test-method> <!-- runScenario -->
        <test-method signature="runScenario(io.cucumber.testng.PickleWrapper,io.cucumber.testng.FeatureWrapper)[pri:0, instance:runner.CampaignRunner@66f57048]" started-at="2023-07-05T21:27:02 IST" name="runScenario" description="Runs Cucumber Scenarios" data-provider="scenarios" finished-at="2023-07-05T21:27:02 IST" duration-ms="68" status="PASS">
          <params>
            <param index="0">
              <value>
                <![CDATA["Schedule campaign"]]>
              </value>
            </param>
            <param index="1">
              <value>
                <![CDATA["Sending Campaigns"]]>
              </value>
            </param>
          </params>
          <reporter-output>
          </reporter-output>
        </test-method> <!-- runScenario -->
        <test-method signature="runScenario(io.cucumber.testng.PickleWrapper,io.cucumber.testng.FeatureWrapper)[pri:0, instance:runner.CampaignRunner@66f57048]" started-at="2023-07-05T21:27:02 IST" name="runScenario" description="Runs Cucumber Scenarios" data-provider="scenarios" finished-at="2023-07-05T21:27:02 IST" duration-ms="111" status="PASS">
          <params>
            <param index="0">
              <value>
                <![CDATA["Send campaign"]]>
              </value>
            </param>
            <param index="1">
              <value>
                <![CDATA["Sending Campaigns"]]>
              </value>
            </param>
          </params>
          <reporter-output>
          </reporter-output>
        </test-method> <!-- runScenario -->
        <test-method is-config="true" signature="tearDownClass()[pri:0, instance:runner.CampaignRunner@66f57048]" started-at="2023-07-05T21:27:02 IST" name="tearDownClass" finished-at="2023-07-05T21:27:06 IST" duration-ms="3062" status="PASS">
          <reporter-output>
          </reporter-output>
        </test-method> <!-- tearDownClass -->
      </class> <!-- runner.CampaignRunner -->
    </test> <!-- Default test -->
  </suite> <!-- Default suite -->
</testng-results>
